#-----------------------------------------------------------
# Vivado v2024.2 (64-bit)
# SW Build 5239630 on Fri Nov 08 22:35:27 MST 2024
# IP Build 5239520 on Sun Nov 10 16:12:51 MST 2024
# SharedData Build 5239561 on Fri Nov 08 14:39:27 MST 2024
# Start of session at: Mon Jan 19 19:16:18 2026
# Process ID         : 23176
# Current directory  : C:/Users/arnab/OneDrive/Desktop/risc/risc
# Command line       : vivado.exe -gui_launcher_event rodinguilauncherevent2072 C:\Users\arnab\OneDrive\Desktop\risc\risc\risc.xpr
# Log file           : C:/Users/arnab/OneDrive/Desktop/risc/risc/vivado.log
# Journal file       : C:/Users/arnab/OneDrive/Desktop/risc/risc\vivado.jou
# Running On         : Arnab
# Platform           : Windows Server 2016 or Windows 10
# Operating System   : 26200
# Processor Detail   : 12th Gen Intel(R) Core(TM) i5-12450H
# CPU Frequency      : 2496 MHz
# CPU Physical cores : 8
# CPU Logical cores  : 12
# Host memory        : 16831 MB
# Swap memory        : 2281 MB
# Total Virtual      : 19113 MB
# Available Virtual  : 5329 MB
#-----------------------------------------------------------
start_gui
open_project C:/Users/arnab/OneDrive/Desktop/risc/risc/risc.xpr
INFO: [filemgmt 56-3] Default IP Output Path : Could not find the directory 'C:/Users/arnab/OneDrive/Desktop/risc/risc/risc.gen/sources_1'.
Scanning sources...
Finished scanning sources
INFO: [IP_Flow 19-234] Refreshing IP repositories
INFO: [IP_Flow 19-1704] No user IP repositories specified
INFO: [IP_Flow 19-2313] Loaded Vivado IP repository 'C:/Xilinx/Vivado/2024.2/data/ip'.
update_compile_order -fileset sources_1
launch_simulation
ERROR: [Common 17-1293] The path 'C:/Users/arnab/OneDrive/Desktop/risc/risc/risc.cache/wt' already exists, is a directory, but is not writable.
exit
INFO: [Common 17-206] Exiting Vivado at Mon Jan 19 19:16:59 2026...
